{"numTotalTestSuites":57,"numPassedTestSuites":57,"numFailedTestSuites":0,"numPendingTestSuites":0,"numTotalTests":58,"numPassedTests":58,"numFailedTests":0,"numPendingTests":0,"numTodoTests":0,"snapshot":{"added":0,"failure":false,"filesAdded":0,"filesRemoved":0,"filesRemovedList":[],"filesUnmatched":0,"filesUpdated":0,"matched":0,"total":0,"unchecked":0,"uncheckedKeysByFile":[],"unmatched":0,"updated":0,"didUpdate":false},"startTime":1776532061616,"success":true,"testResults":[{"assertionResults":[{"ancestorTitles":["API endpoint coverage"],"fullName":"API endpoint coverage discovers controller endpoints from source code","status":"passed","title":"discovers controller endpoints from source code","duration":1.827799999999968,"failureMessages":[],"meta":{},"tags":[]},{"ancestorTitles":["API endpoint coverage"],"fullName":"API endpoint coverage does not contain duplicate method + path pairs","status":"passed","title":"does not contain duplicate method + path pairs","duration":0.33749999999997726,"failureMessages":[],"meta":{},"tags":[]},{"ancestorTitles":["API endpoint coverage"],"fullName":"API endpoint coverage keeps all endpoints under /api global prefix","status":"passed","title":"keeps all endpoints under /api global prefix","duration":1.9396000000000413,"failureMessages":[],"meta":{},"tags":[]},{"ancestorTitles":["'GET' '/api'"],"fullName":"'GET' '/api' is registered in a controller","status":"passed","title":"is registered in a controller","duration":0.21710000000001628,"failureMessages":[],"meta":{},"tags":[]},{"ancestorTitles":["'GET' '/api/addresses'"],"fullName":"'GET' '/api/addresses' is registered in a controller","status":"passed","title":"is registered in a controller","duration":0.151299999999992,"failureMessages":[],"meta":{},"tags":[]},{"ancestorTitles":["'POST' '/api/addresses'"],"fullName":"'POST' '/api/addresses' is registered in a controller","status":"passed","title":"is registered in a controller","duration":0.1400000000000432,"failureMessages":[],"meta":{},"tags":[]},{"ancestorTitles":["'DELETE' '/api/addresses/:id'"],"fullName":"'DELETE' '/api/addresses/:id' is registered in a controller","status":"passed","title":"is registered in a controller","duration":0.14660000000003492,"failureMessages":[],"meta":{},"tags":[]},{"ancestorTitles":["'GET' '/api/addresses/:id'"],"fullName":"'GET' '/api/addresses/:id' is registered in a controller","status":"passed","title":"is registered in a controller","duration":0.14760000000001128,"failureMessages":[],"meta":{},"tags":[]},{"ancestorTitles":["'PATCH' '/api/addresses/:id'"],"fullName":"'PATCH' '/api/addresses/:id' is registered in a controller","status":"passed","title":"is registered in a controller","duration":0.16890000000000782,"failureMessages":[],"meta":{},"tags":[]},{"ancestorTitles":["'POST' '/api/auth/login'"],"fullName":"'POST' '/api/auth/login' is registered in a controller","status":"passed","title":"is registered in a controller","duration":0.1933999999999969,"failureMessages":[],"meta":{},"tags":[]},{"ancestorTitles":["'POST' '/api/auth/refresh'"],"fullName":"'POST' '/api/auth/refresh' is registered in a controller","status":"passed","title":"is registered in a controller","duration":0.12409999999999854,"failureMessages":[],"meta":{},"tags":[]},{"ancestorTitles":["'POST' '/api/auth/register'"],"fullName":"'POST' '/api/auth/register' is registered in a controller","status":"passed","title":"is registered in a controller","duration":0.1127999999999929,"failureMessages":[],"meta":{},"tags":[]},{"ancestorTitles":["'POST' '/api/compare'"],"fullName":"'POST' '/api/compare' is registered in a controller","status":"passed","title":"is registered in a controller","duration":0.10550000000000637,"failureMessages":[],"meta":{},"tags":[]},{"ancestorTitles":["'DELETE' '/api/compare/user/:userId'"],"fullName":"'DELETE' '/api/compare/user/:userId' is registered in a controller","status":"passed","title":"is registered in a controller","duration":0.10019999999997253,"failureMessages":[],"meta":{},"tags":[]},{"ancestorTitles":["'GET' '/api/compare/user/:userId'"],"fullName":"'GET' '/api/compare/user/:userId' is registered in a controller","status":"passed","title":"is registered in a controller","duration":0.09019999999998163,"failureMessages":[],"meta":{},"tags":[]},{"ancestorTitles":["'DELETE' '/api/compare/user/:userId/product/:pr…'"],"fullName":"'DELETE' '/api/compare/user/:userId/product/:pr…' is registered in a controller","status":"passed","title":"is registered in a controller","duration":0.0916000000000281,"failureMessages":[],"meta":{},"tags":[]},{"ancestorTitles":["'GET' '/api/order-items'"],"fullName":"'GET' '/api/order-items' is registered in a controller","status":"passed","title":"is registered in a controller","duration":0.08770000000004075,"failureMessages":[],"meta":{},"tags":[]},{"ancestorTitles":["'POST' '/api/order-items'"],"fullName":"'POST' '/api/order-items' is registered in a controller","status":"passed","title":"is registered in a controller","duration":0.0857000000000312,"failureMessages":[],"meta":{},"tags":[]},{"ancestorTitles":["'DELETE' '/api/order-items/:id'"],"fullName":"'DELETE' '/api/order-items/:id' is registered in a controller","status":"passed","title":"is registered in a controller","duration":0.08899999999999864,"failureMessages":[],"meta":{},"tags":[]},{"ancestorTitles":["'GET' '/api/order-items/:id'"],"fullName":"'GET' '/api/order-items/:id' is registered in a controller","status":"passed","title":"is registered in a controller","duration":0.12849999999997408,"failureMessages":[],"meta":{},"tags":[]},{"ancestorTitles":["'PATCH' '/api/order-items/:id'"],"fullName":"'PATCH' '/api/order-items/:id' is registered in a controller","status":"passed","title":"is registered in a controller","duration":0.088799999999992,"failureMessages":[],"meta":{},"tags":[]},{"ancestorTitles":["'GET' '/api/orders'"],"fullName":"'GET' '/api/orders' is registered in a controller","status":"passed","title":"is registered in a controller","duration":0.10269999999997026,"failureMessages":[],"meta":{},"tags":[]},{"ancestorTitles":["'POST' '/api/orders'"],"fullName":"'POST' '/api/orders' is registered in a controller","status":"passed","title":"is registered in a controller","duration":0.10620000000000118,"failureMessages":[],"meta":{},"tags":[]},{"ancestorTitles":["'DELETE' '/api/orders/:id'"],"fullName":"'DELETE' '/api/orders/:id' is registered in a controller","status":"passed","title":"is registered in a controller","duration":0.09399999999999409,"failureMessages":[],"meta":{},"tags":[]},{"ancestorTitles":["'GET' '/api/orders/:id'"],"fullName":"'GET' '/api/orders/:id' is registered in a controller","status":"passed","title":"is registered in a controller","duration":0.09530000000000882,"failureMessages":[],"meta":{},"tags":[]},{"ancestorTitles":["'PATCH' '/api/orders/:id'"],"fullName":"'PATCH' '/api/orders/:id' is registered in a controller","status":"passed","title":"is registered in a controller","duration":0.11129999999997153,"failureMessages":[],"meta":{},"tags":[]},{"ancestorTitles":["'PATCH' '/api/orders/:id/fulfill'"],"fullName":"'PATCH' '/api/orders/:id/fulfill' is registered in a controller","status":"passed","title":"is registered in a controller","duration":0.10129999999998063,"failureMessages":[],"meta":{},"tags":[]},{"ancestorTitles":["'PATCH' '/api/orders/:id/status'"],"fullName":"'PATCH' '/api/orders/:id/status' is registered in a controller","status":"passed","title":"is registered in a controller","duration":0.09230000000002292,"failureMessages":[],"meta":{},"tags":[]},{"ancestorTitles":["'GET' '/api/orders/user/:userId'"],"fullName":"'GET' '/api/orders/user/:userId' is registered in a controller","status":"passed","title":"is registered in a controller","duration":0.10379999999997835,"failureMessages":[],"meta":{},"tags":[]},{"ancestorTitles":["'GET' '/api/products'"],"fullName":"'GET' '/api/products' is registered in a controller","status":"passed","title":"is registered in a controller","duration":0.09350000000000591,"failureMessages":[],"meta":{},"tags":[]},{"ancestorTitles":["'POST' '/api/products'"],"fullName":"'POST' '/api/products' is registered in a controller","status":"passed","title":"is registered in a controller","duration":0.09320000000002437,"failureMessages":[],"meta":{},"tags":[]},{"ancestorTitles":["'DELETE' '/api/products/:id'"],"fullName":"'DELETE' '/api/products/:id' is registered in a controller","status":"passed","title":"is registered in a controller","duration":0.08519999999998618,"failureMessages":[],"meta":{},"tags":[]},{"ancestorTitles":["'GET' '/api/products/:id'"],"fullName":"'GET' '/api/products/:id' is registered in a controller","status":"passed","title":"is registered in a controller","duration":0.09390000000001919,"failureMessages":[],"meta":{},"tags":[]},{"ancestorTitles":["'PATCH' '/api/products/:id'"],"fullName":"'PATCH' '/api/products/:id' is registered in a controller","status":"passed","title":"is registered in a controller","duration":0.08679999999998245,"failureMessages":[],"meta":{},"tags":[]},{"ancestorTitles":["'POST' '/api/products/:id/image'"],"fullName":"'POST' '/api/products/:id/image' is registered in a controller","status":"passed","title":"is registered in a controller","duration":0.12180000000000746,"failureMessages":[],"meta":{},"tags":[]},{"ancestorTitles":["'GET' '/api/products/featured'"],"fullName":"'GET' '/api/products/featured' is registered in a controller","status":"passed","title":"is registered in a controller","duration":0.0997000000000412,"failureMessages":[],"meta":{},"tags":[]},{"ancestorTitles":["'POST' '/api/recently-viewed'"],"fullName":"'POST' '/api/recently-viewed' is registered in a controller","status":"passed","title":"is registered in a controller","duration":0.09519999999997708,"failureMessages":[],"meta":{},"tags":[]},{"ancestorTitles":["'DELETE' '/api/recently-viewed/user/:userId'"],"fullName":"'DELETE' '/api/recently-viewed/user/:userId' is registered in a controller","status":"passed","title":"is registered in a controller","duration":0.08929999999998017,"failureMessages":[],"meta":{},"tags":[]},{"ancestorTitles":["'GET' '/api/recently-viewed/user/:userId'"],"fullName":"'GET' '/api/recently-viewed/user/:userId' is registered in a controller","status":"passed","title":"is registered in a controller","duration":0.11639999999999873,"failureMessages":[],"meta":{},"tags":[]},{"ancestorTitles":["'GET' '/api/reviews'"],"fullName":"'GET' '/api/reviews' is registered in a controller","status":"passed","title":"is registered in a controller","duration":0.14670000000000982,"failureMessages":[],"meta":{},"tags":[]},{"ancestorTitles":["'POST' '/api/reviews'"],"fullName":"'POST' '/api/reviews' is registered in a controller","status":"passed","title":"is registered in a controller","duration":0.13819999999998345,"failureMessages":[],"meta":{},"tags":[]},{"ancestorTitles":["'DELETE' '/api/reviews/:id'"],"fullName":"'DELETE' '/api/reviews/:id' is registered in a controller","status":"passed","title":"is registered in a controller","duration":0.17430000000001655,"failureMessages":[],"meta":{},"tags":[]},{"ancestorTitles":["'PUT' '/api/reviews/:id'"],"fullName":"'PUT' '/api/reviews/:id' is registered in a controller","status":"passed","title":"is registered in a controller","duration":0.1530999999999949,"failureMessages":[],"meta":{},"tags":[]},{"ancestorTitles":["'GET' '/api/reviews/product/:productId'"],"fullName":"'GET' '/api/reviews/product/:productId' is registered in a controller","status":"passed","title":"is registered in a controller","duration":0.143100000000004,"failureMessages":[],"meta":{},"tags":[]},{"ancestorTitles":["'GET' '/api/reviews/product/:productId/avera…'"],"fullName":"'GET' '/api/reviews/product/:productId/avera…' is registered in a controller","status":"passed","title":"is registered in a controller","duration":0.1845000000000141,"failureMessages":[],"meta":{},"tags":[]},{"ancestorTitles":["'POST' '/api/translations/translate'"],"fullName":"'POST' '/api/translations/translate' is registered in a controller","status":"passed","title":"is registered in a controller","duration":0.16779999999999973,"failureMessages":[],"meta":{},"tags":[]},{"ancestorTitles":["'POST' '/api/translations/translate-batch'"],"fullName":"'POST' '/api/translations/translate-batch' is registered in a controller","status":"passed","title":"is registered in a controller","duration":0.17840000000001055,"failureMessages":[],"meta":{},"tags":[]},{"ancestorTitles":["'GET' '/api/users'"],"fullName":"'GET' '/api/users' is registered in a controller","status":"passed","title":"is registered in a controller","duration":0.17490000000003647,"failureMessages":[],"meta":{},"tags":[]},{"ancestorTitles":["'POST' '/api/users'"],"fullName":"'POST' '/api/users' is registered in a controller","status":"passed","title":"is registered in a controller","duration":0.1342999999999961,"failureMessages":[],"meta":{},"tags":[]},{"ancestorTitles":["'DELETE' '/api/users/:id'"],"fullName":"'DELETE' '/api/users/:id' is registered in a controller","status":"passed","title":"is registered in a controller","duration":0.12869999999998072,"failureMessages":[],"meta":{},"tags":[]},{"ancestorTitles":["'GET' '/api/users/:id'"],"fullName":"'GET' '/api/users/:id' is registered in a controller","status":"passed","title":"is registered in a controller","duration":0.16430000000002565,"failureMessages":[],"meta":{},"tags":[]},{"ancestorTitles":["'PATCH' '/api/users/:id'"],"fullName":"'PATCH' '/api/users/:id' is registered in a controller","status":"passed","title":"is registered in a controller","duration":0.16150000000004638,"failureMessages":[],"meta":{},"tags":[]},{"ancestorTitles":["'POST' '/api/users/:id/avatar'"],"fullName":"'POST' '/api/users/:id/avatar' is registered in a controller","status":"passed","title":"is registered in a controller","duration":0.09319999999996753,"failureMessages":[],"meta":{},"tags":[]},{"ancestorTitles":["'POST' '/api/wishlist'"],"fullName":"'POST' '/api/wishlist' is registered in a controller","status":"passed","title":"is registered in a controller","duration":0.0835999999999899,"failureMessages":[],"meta":{},"tags":[]},{"ancestorTitles":["'DELETE' '/api/wishlist/:id'"],"fullName":"'DELETE' '/api/wishlist/:id' is registered in a controller","status":"passed","title":"is registered in a controller","duration":0.11569999999994707,"failureMessages":[],"meta":{},"tags":[]},{"ancestorTitles":["'GET' '/api/wishlist/check/:userId/:productId'"],"fullName":"'GET' '/api/wishlist/check/:userId/:productId' is registered in a controller","status":"passed","title":"is registered in a controller","duration":0.09890000000001464,"failureMessages":[],"meta":{},"tags":[]},{"ancestorTitles":["'GET' '/api/wishlist/user/:userId'"],"fullName":"'GET' '/api/wishlist/user/:userId' is registered in a controller","status":"passed","title":"is registered in a controller","duration":0.09850000000000136,"failureMessages":[],"meta":{},"tags":[]},{"ancestorTitles":["'DELETE' '/api/wishlist/user/:userId/product/:p…'"],"fullName":"'DELETE' '/api/wishlist/user/:userId/product/:p…' is registered in a controller","status":"passed","title":"is registered in a controller","duration":0.10370000000000346,"failureMessages":[],"meta":{},"tags":[]}],"startTime":1776532062008,"endTime":1776532062021.1157,"status":"passed","message":"","name":"C:/Users/vatap/Desktop/random/PROJECT/code/project/backend/test/api-endpoints.spec.ts"}]}